2020-06-04 15:14:18.648 MySQL 연결 상태 - 활성: 0 전체: 0 유휴: 0 쿼리 대기열: 0
2020-06-04 15:15:18.647 MySQL 연결 상태 - 활성: 0 전체: 0 유휴: 0 쿼리 대기열: 0
2020-06-04 15:16:18.647 MySQL 연결 상태 - 활성: 0 전체: 0 유휴: 0 쿼리 대기열: 0
2020-06-04 15:17:18.647 MySQL 연결 상태 - 활성: 0 전체: 0 유휴: 0 쿼리 대기열: 0
2020-06-04 15:18:18.647 MySQL 연결 상태 - 활성: 0 전체: 0 유휴: 0 쿼리 대기열: 0
2020-06-04 15:19:18.648 MySQL 연결 상태 - 활성: 0 전체: 0 유휴: 0 쿼리 대기열: 0
2020-06-04 15:20:18.647 MySQL 연결 상태 - 활성: 0 전체: 0 유휴: 0 쿼리 대기열: 0
2020-06-04 15:21:18.647 MySQL 연결 상태 - 활성: 0 전체: 0 유휴: 0 쿼리 대기열: 0
2020-06-04 15:22:18.647 MySQL 연결 상태 - 활성: 0 전체: 0 유휴: 0 쿼리 대기열: 0
2020-06-04 15:23:18.650 MySQL 연결 상태 - 활성: 0 전체: 0 유휴: 0 쿼리 대기열: 0
2020-06-04 15:24:18.651 MySQL 연결 상태 - 활성: 0 전체: 0 유휴: 0 쿼리 대기열: 0
2020-06-04 15:25:18.651 MySQL 연결 상태 - 활성: 0 전체: 0 유휴: 0 쿼리 대기열: 0
2020-06-04 15:26:18.651 MySQL 연결 상태 - 활성: 0 전체: 0 유휴: 0 쿼리 대기열: 0
2020-06-04 15:27:18.651 MySQL 연결 상태 - 활성: 0 전체: 0 유휴: 0 쿼리 대기열: 0
2020-06-04 15:28:18.654 MySQL 연결 상태 - 활성: 0 전체: 0 유휴: 0 쿼리 대기열: 0
2020-06-04 15:29:18.654 MySQL 연결 상태 - 활성: 0 전체: 0 유휴: 0 쿼리 대기열: 0
2020-06-04 15:30:18.654 MySQL 연결 상태 - 활성: 0 전체: 0 유휴: 0 쿼리 대기열: 0
2020-06-04 15:31:18.655 MySQL 연결 상태 - 활성: 0 전체: 0 유휴: 0 쿼리 대기열: 0
2020-06-04 15:32:18.655 MySQL 연결 상태 - 활성: 0 전체: 0 유휴: 0 쿼리 대기열: 0
2020-06-04 15:33:18.654 MySQL 연결 상태 - 활성: 0 전체: 0 유휴: 0 쿼리 대기열: 0
2020-06-04 15:34:18.655 MySQL 연결 상태 - 활성: 0 전체: 0 유휴: 0 쿼리 대기열: 0
2020-06-04 15:35:18.656 MySQL 연결 상태 - 활성: 0 전체: 0 유휴: 0 쿼리 대기열: 0
2020-06-04 15:36:18.656 MySQL 연결 상태 - 활성: 0 전체: 0 유휴: 0 쿼리 대기열: 0
2020-06-04 15:37:18.657 MySQL 연결 상태 - 활성: 0 전체: 0 유휴: 0 쿼리 대기열: 0
2020-06-04 15:38:18.658 MySQL 연결 상태 - 활성: 0 전체: 0 유휴: 0 쿼리 대기열: 0
2020-06-04 15:39:18.658 MySQL 연결 상태 - 활성: 0 전체: 0 유휴: 0 쿼리 대기열: 0
2020-06-04 15:40:18.658 MySQL 연결 상태 - 활성: 0 전체: 0 유휴: 0 쿼리 대기열: 0
2020-06-04 15:41:18.658 MySQL 연결 상태 - 활성: 0 전체: 0 유휴: 0 쿼리 대기열: 0
2020-06-04 15:42:18.659 MySQL 연결 상태 - 활성: 0 전체: 0 유휴: 0 쿼리 대기열: 0
2020-06-04 15:43:18.660 MySQL 연결 상태 - 활성: 0 전체: 0 유휴: 0 쿼리 대기열: 0
2020-06-04 15:44:18.663 MySQL 연결 상태 - 활성: 0 전체: 0 유휴: 0 쿼리 대기열: 0
2020-06-04 15:45:18.663 MySQL 연결 상태 - 활성: 0 전체: 0 유휴: 0 쿼리 대기열: 0
2020-06-04 15:46:18.664 MySQL 연결 상태 - 활성: 0 전체: 0 유휴: 0 쿼리 대기열: 0
2020-06-04 15:47:18.667 MySQL 연결 상태 - 활성: 0 전체: 0 유휴: 0 쿼리 대기열: 0
2020-06-04 15:48:18.667 MySQL 연결 상태 - 활성: 0 전체: 0 유휴: 0 쿼리 대기열: 0
2020-06-04 15:49:18.670 MySQL 연결 상태 - 활성: 0 전체: 0 유휴: 0 쿼리 대기열: 0
2020-06-04 15:50:18.670 MySQL 연결 상태 - 활성: 0 전체: 0 유휴: 0 쿼리 대기열: 0
2020-06-04 15:51:18.675 MySQL 연결 상태 - 활성: 0 전체: 0 유휴: 0 쿼리 대기열: 0
2020-06-04 15:52:18.676 MySQL 연결 상태 - 활성: 0 전체: 0 유휴: 0 쿼리 대기열: 0
2020-06-04 15:53:18.676 MySQL 연결 상태 - 활성: 0 전체: 0 유휴: 0 쿼리 대기열: 0
2020-06-04 15:54:18.676 MySQL 연결 상태 - 활성: 0 전체: 0 유휴: 0 쿼리 대기열: 0
2020-06-04 15:55:18.676 MySQL 연결 상태 - 활성: 0 전체: 0 유휴: 0 쿼리 대기열: 0
2020-06-04 15:56:18.681 MySQL 연결 상태 - 활성: 0 전체: 0 유휴: 0 쿼리 대기열: 0
2020-06-04 15:57:18.681 MySQL 연결 상태 - 활성: 0 전체: 0 유휴: 0 쿼리 대기열: 0
2020-06-04 15:58:18.682 MySQL 연결 상태 - 활성: 0 전체: 0 유휴: 0 쿼리 대기열: 0
2020-06-04 15:59:18.682 MySQL 연결 상태 - 활성: 0 전체: 0 유휴: 0 쿼리 대기열: 0
2020-06-04 16:01:04.488 MySQL 연결 상태 - 활성: 0 전체: 0 유휴: 0 쿼리 대기열: 0
2020-06-04 16:02:04.487 MySQL 연결 상태 - 활성: 0 전체: 0 유휴: 0 쿼리 대기열: 0
2020-06-04 16:03:04.488 MySQL 연결 상태 - 활성: 0 전체: 0 유휴: 0 쿼리 대기열: 0
2020-06-04 16:04:04.488 MySQL 연결 상태 - 활성: 0 전체: 0 유휴: 0 쿼리 대기열: 0
2020-06-04 16:05:30.233 MySQL 연결 상태 - 활성: 0 전체: 0 유휴: 0 쿼리 대기열: 0
2020-06-04 16:06:30.233 MySQL 연결 상태 - 활성: 0 전체: 0 유휴: 0 쿼리 대기열: 0
2020-06-04 16:07:30.234 MySQL 연결 상태 - 활성: 0 전체: 0 유휴: 0 쿼리 대기열: 0
mongodb open
2020-06-04 16:09:13.229 MySQL 연결 상태 - 활성: 0 전체: 0 유휴: 0 쿼리 대기열: 0
2020-06-04 16:10:13.228 MySQL 연결 상태 - 활성: 0 전체: 0 유휴: 0 쿼리 대기열: 0
mongodb open
MQTT connected.
MQTT subscribed.
2020-06-04 07:11:52.991 /login/
2020-06-04 07:12:28.701 /login/
2020-06-04 07:12:32.456 MySQL 연결 상태 - 활성: 0 전체: 0 유휴: 0 쿼리 대기열: 0
2020-06-04 07:12:41.430 /login/KSU18700813
SqlError: retrieve connection from pool timeout after 10001ms
    at Object.module.exports.createError (/node_modules/mariadb/lib/misc/errors.js:55:10)
    at timeoutTask (/node_modules/mariadb/lib/pool-base.js:300:16)
    at Timeout.rejectAndResetTimeout [as _onTimeout] (/node_modules/mariadb/lib/pool-base.js:322:5)
    at listOnTimeout (internal/timers.js:551:17)
    at processTimers (internal/timers.js:492:7) {
  fatal: false,
  errno: 45028,
  sqlState: 'HY000',
  code: 'ER_GET_CONNECTION_TIMEOUT'
}
mongodb open
MQTT connected.
MQTT subscribed.
2020-06-04 07:14:07.973 MySQL 연결 상태 - 활성: 0 전체: 0 유휴: 0 쿼리 대기열: 0
2020-06-04 07:15:07.972 MySQL 연결 상태 - 활성: 0 전체: 0 유휴: 0 쿼리 대기열: 0
2020-06-04 07:16:07.973 MySQL 연결 상태 - 활성: 0 전체: 0 유휴: 0 쿼리 대기열: 0
2020-06-04 07:17:07.973 MySQL 연결 상태 - 활성: 0 전체: 0 유휴: 0 쿼리 대기열: 0
2020-06-04 07:17:26.984 /control/device_info/
2020-06-04 07:17:26.989 /control/rrd/
2020-06-04 07:18:07.974 MySQL 연결 상태 - 활성: 0 전체: 0 유휴: 0 쿼리 대기열: 0
2020-06-04 07:18:10.190 /login/
2020-06-04 07:19:07.974 MySQL 연결 상태 - 활성: 0 전체: 0 유휴: 0 쿼리 대기열: 0
2020-06-04 07:20:07.975 MySQL 연결 상태 - 활성: 0 전체: 0 유휴: 0 쿼리 대기열: 0
2020-06-04 07:20:10.442 /login/
2020-06-04 07:21:07.975 MySQL 연결 상태 - 활성: 0 전체: 0 유휴: 0 쿼리 대기열: 0
2020-06-04 07:22:07.976 MySQL 연결 상태 - 활성: 0 전체: 0 유휴: 0 쿼리 대기열: 0
2020-06-04 07:23:07.978 MySQL 연결 상태 - 활성: 0 전체: 0 유휴: 0 쿼리 대기열: 0
2020-06-04 07:24:07.979 MySQL 연결 상태 - 활성: 0 전체: 0 유휴: 0 쿼리 대기열: 0
2020-06-04 07:25:07.979 MySQL 연결 상태 - 활성: 0 전체: 0 유휴: 0 쿼리 대기열: 0
2020-06-04 07:26:07.979 MySQL 연결 상태 - 활성: 0 전체: 0 유휴: 0 쿼리 대기열: 0
2020-06-04 07:27:07.978 MySQL 연결 상태 - 활성: 0 전체: 0 유휴: 0 쿼리 대기열: 0
2020-06-04 07:28:07.979 MySQL 연결 상태 - 활성: 0 전체: 0 유휴: 0 쿼리 대기열: 0
2020-06-04 07:29:07.980 MySQL 연결 상태 - 활성: 0 전체: 0 유휴: 0 쿼리 대기열: 0
2020-06-04 07:30:07.980 MySQL 연결 상태 - 활성: 0 전체: 0 유휴: 0 쿼리 대기열: 0
2020-06-04 07:31:07.980 MySQL 연결 상태 - 활성: 0 전체: 0 유휴: 0 쿼리 대기열: 0
2020-06-04 07:32:07.980 MySQL 연결 상태 - 활성: 0 전체: 0 유휴: 0 쿼리 대기열: 0
2020-06-04 07:33:07.981 MySQL 연결 상태 - 활성: 0 전체: 0 유휴: 0 쿼리 대기열: 0
2020-06-04 07:34:07.986 MySQL 연결 상태 - 활성: 0 전체: 0 유휴: 0 쿼리 대기열: 0
2020-06-04 07:35:07.989 MySQL 연결 상태 - 활성: 0 전체: 0 유휴: 0 쿼리 대기열: 0
2020-06-04 07:36:07.990 MySQL 연결 상태 - 활성: 0 전체: 0 유휴: 0 쿼리 대기열: 0
2020-06-04 07:37:07.993 MySQL 연결 상태 - 활성: 0 전체: 0 유휴: 0 쿼리 대기열: 0
2020-06-04 07:38:07.994 MySQL 연결 상태 - 활성: 0 전체: 0 유휴: 0 쿼리 대기열: 0
2020-06-04 07:38:15.594 /login/
2020-06-04 07:39:07.997 MySQL 연결 상태 - 활성: 0 전체: 0 유휴: 0 쿼리 대기열: 0
2020-06-04 07:40:03.661 /login/
2020-06-04 07:40:07.998 MySQL 연결 상태 - 활성: 0 전체: 0 유휴: 0 쿼리 대기열: 0
2020-06-04 07:41:07.999 MySQL 연결 상태 - 활성: 0 전체: 0 유휴: 0 쿼리 대기열: 0
2020-06-04 07:42:08.001 MySQL 연결 상태 - 활성: 0 전체: 0 유휴: 0 쿼리 대기열: 0
2020-06-04 07:43:08.001 MySQL 연결 상태 - 활성: 0 전체: 0 유휴: 0 쿼리 대기열: 0
2020-06-04 07:44:08.002 MySQL 연결 상태 - 활성: 0 전체: 0 유휴: 0 쿼리 대기열: 0
2020-06-04 07:45:08.002 MySQL 연결 상태 - 활성: 0 전체: 0 유휴: 0 쿼리 대기열: 0
2020-06-04 07:46:05.174 /login/
2020-06-04 07:46:08.006 MySQL 연결 상태 - 활성: 0 전체: 0 유휴: 0 쿼리 대기열: 0
2020-06-04 07:47:08.009 MySQL 연결 상태 - 활성: 0 전체: 0 유휴: 0 쿼리 대기열: 0
2020-06-04 07:48:08.010 MySQL 연결 상태 - 활성: 0 전체: 0 유휴: 0 쿼리 대기열: 0
2020-06-04 07:49:08.015 MySQL 연결 상태 - 활성: 0 전체: 0 유휴: 0 쿼리 대기열: 0
2020-06-04 07:49:23.308 /login/
2020-06-04 07:50:08.016 MySQL 연결 상태 - 활성: 0 전체: 0 유휴: 0 쿼리 대기열: 0
2020-06-04 07:50:29.203 /login/
2020-06-04 07:50:58.380 /login/
2020-06-04 07:51:08.016 MySQL 연결 상태 - 활성: 0 전체: 0 유휴: 0 쿼리 대기열: 0
2020-06-04 07:52:08.016 MySQL 연결 상태 - 활성: 0 전체: 0 유휴: 0 쿼리 대기열: 0
2020-06-04 07:52:37.345 /login/
2020-06-04 07:53:08.017 MySQL 연결 상태 - 활성: 0 전체: 0 유휴: 0 쿼리 대기열: 0
2020-06-04 07:54:08.019 MySQL 연결 상태 - 활성: 0 전체: 0 유휴: 0 쿼리 대기열: 0
2020-06-04 07:54:52.665 /login/
2020-06-04 07:55:08.020 MySQL 연결 상태 - 활성: 0 전체: 0 유휴: 0 쿼리 대기열: 0
2020-06-04 07:55:44.396 /login/
2020-06-04 07:56:08.021 MySQL 연결 상태 - 활성: 0 전체: 0 유휴: 0 쿼리 대기열: 0
2020-06-04 07:57:08.021 MySQL 연결 상태 - 활성: 0 전체: 0 유휴: 0 쿼리 대기열: 0
2020-06-04 07:58:08.021 MySQL 연결 상태 - 활성: 0 전체: 0 유휴: 0 쿼리 대기열: 0
2020-06-04 07:59:08.023 MySQL 연결 상태 - 활성: 0 전체: 0 유휴: 0 쿼리 대기열: 0
2020-06-04 08:00:08.025 MySQL 연결 상태 - 활성: 0 전체: 0 유휴: 0 쿼리 대기열: 0
2020-06-04 08:01:08.028 MySQL 연결 상태 - 활성: 0 전체: 0 유휴: 0 쿼리 대기열: 0
2020-06-04 08:01:48.260 /login/
2020-06-04 08:02:08.029 MySQL 연결 상태 - 활성: 0 전체: 0 유휴: 0 쿼리 대기열: 0
2020-06-04 08:03:08.029 MySQL 연결 상태 - 활성: 0 전체: 0 유휴: 0 쿼리 대기열: 0
2020-06-04 08:04:08.029 MySQL 연결 상태 - 활성: 0 전체: 0 유휴: 0 쿼리 대기열: 0
2020-06-04 08:05:08.030 MySQL 연결 상태 - 활성: 0 전체: 0 유휴: 0 쿼리 대기열: 0
2020-06-04 08:06:08.032 MySQL 연결 상태 - 활성: 0 전체: 0 유휴: 0 쿼리 대기열: 0
2020-06-04 08:07:08.033 MySQL 연결 상태 - 활성: 0 전체: 0 유휴: 0 쿼리 대기열: 0
2020-06-04 08:08:08.032 MySQL 연결 상태 - 활성: 0 전체: 0 유휴: 0 쿼리 대기열: 0
2020-06-04 08:09:08.032 MySQL 연결 상태 - 활성: 0 전체: 0 유휴: 0 쿼리 대기열: 0
2020-06-04 08:10:08.033 MySQL 연결 상태 - 활성: 0 전체: 0 유휴: 0 쿼리 대기열: 0
2020-06-04 08:11:08.033 MySQL 연결 상태 - 활성: 0 전체: 0 유휴: 0 쿼리 대기열: 0
2020-06-04 08:12:08.037 MySQL 연결 상태 - 활성: 0 전체: 0 유휴: 0 쿼리 대기열: 0
2020-06-04 08:13:08.039 MySQL 연결 상태 - 활성: 0 전체: 0 유휴: 0 쿼리 대기열: 0
2020-06-04 08:13:16.010 /login/
2020-06-04 08:14:08.039 MySQL 연결 상태 - 활성: 0 전체: 0 유휴: 0 쿼리 대기열: 0
2020-06-04 08:15:08.040 MySQL 연결 상태 - 활성: 0 전체: 0 유휴: 0 쿼리 대기열: 0
mongodb open
MQTT connected.
MQTT subscribed.
2020-06-04 08:16:20.149 /login/
2020-06-04 08:16:37.165 MySQL 연결 상태 - 활성: 0 전체: 0 유휴: 0 쿼리 대기열: 0
2020-06-04 08:17:37.165 MySQL 연결 상태 - 활성: 0 전체: 0 유휴: 0 쿼리 대기열: 0
2020-06-04 08:18:37.166 MySQL 연결 상태 - 활성: 0 전체: 0 유휴: 0 쿼리 대기열: 0
2020-06-04 08:19:37.166 MySQL 연결 상태 - 활성: 0 전체: 0 유휴: 0 쿼리 대기열: 0
2020-06-04 08:20:14.837 /login/test_serial
SqlError: retrieve connection from pool timeout after 10001ms
    at Object.module.exports.createError (/node_modules/mariadb/lib/misc/errors.js:55:10)
    at timeoutTask (/node_modules/mariadb/lib/pool-base.js:300:16)
    at Timeout.rejectAndResetTimeout [as _onTimeout] (/node_modules/mariadb/lib/pool-base.js:322:5)
    at listOnTimeout (internal/timers.js:551:17)
    at processTimers (internal/timers.js:492:7) {
  fatal: false,
  errno: 45028,
  sqlState: 'HY000',
  code: 'ER_GET_CONNECTION_TIMEOUT'
}
2020-06-04 08:20:37.166 MySQL 연결 상태 - 활성: 0 전체: 0 유휴: 0 쿼리 대기열: 0
2020-06-04 08:21:37.167 MySQL 연결 상태 - 활성: 0 전체: 0 유휴: 0 쿼리 대기열: 0
2020-06-04 08:22:37.167 MySQL 연결 상태 - 활성: 0 전체: 0 유휴: 0 쿼리 대기열: 0
2020-06-04 08:23:37.169 MySQL 연결 상태 - 활성: 0 전체: 0 유휴: 0 쿼리 대기열: 0
2020-06-04 08:24:37.170 MySQL 연결 상태 - 활성: 0 전체: 0 유휴: 0 쿼리 대기열: 0
2020-06-04 08:25:37.171 MySQL 연결 상태 - 활성: 0 전체: 0 유휴: 0 쿼리 대기열: 0
2020-06-04 08:26:37.172 MySQL 연결 상태 - 활성: 0 전체: 0 유휴: 0 쿼리 대기열: 0
2020-06-04 08:27:37.172 MySQL 연결 상태 - 활성: 0 전체: 0 유휴: 0 쿼리 대기열: 0
2020-06-04 08:28:37.175 MySQL 연결 상태 - 활성: 0 전체: 0 유휴: 0 쿼리 대기열: 0
2020-06-04 08:29:37.175 MySQL 연결 상태 - 활성: 0 전체: 0 유휴: 0 쿼리 대기열: 0
2020-06-04 08:30:37.176 MySQL 연결 상태 - 활성: 0 전체: 0 유휴: 0 쿼리 대기열: 0
2020-06-04 08:31:37.177 MySQL 연결 상태 - 활성: 0 전체: 0 유휴: 0 쿼리 대기열: 0
2020-06-04 08:32:37.177 MySQL 연결 상태 - 활성: 0 전체: 0 유휴: 0 쿼리 대기열: 0
2020-06-04 08:33:37.177 MySQL 연결 상태 - 활성: 0 전체: 0 유휴: 0 쿼리 대기열: 0
2020-06-04 08:34:37.177 MySQL 연결 상태 - 활성: 0 전체: 0 유휴: 0 쿼리 대기열: 0
2020-06-04 08:35:37.181 MySQL 연결 상태 - 활성: 0 전체: 0 유휴: 0 쿼리 대기열: 0
2020-06-04 08:36:37.181 MySQL 연결 상태 - 활성: 0 전체: 0 유휴: 0 쿼리 대기열: 0
2020-06-04 08:37:37.181 MySQL 연결 상태 - 활성: 0 전체: 0 유휴: 0 쿼리 대기열: 0
2020-06-04 08:38:37.181 MySQL 연결 상태 - 활성: 0 전체: 0 유휴: 0 쿼리 대기열: 0
2020-06-04 08:39:37.182 MySQL 연결 상태 - 활성: 0 전체: 0 유휴: 0 쿼리 대기열: 0
2020-06-04 08:40:37.183 MySQL 연결 상태 - 활성: 0 전체: 0 유휴: 0 쿼리 대기열: 0
2020-06-04 08:41:37.183 MySQL 연결 상태 - 활성: 0 전체: 0 유휴: 0 쿼리 대기열: 0
2020-06-04 08:42:03.077 /login/test_serial
SqlError: retrieve connection from pool timeout after 10000ms
    at Object.module.exports.createError (/node_modules/mariadb/lib/misc/errors.js:55:10)
    at timeoutTask (/node_modules/mariadb/lib/pool-base.js:300:16)
    at Timeout.rejectAndResetTimeout [as _onTimeout] (/node_modules/mariadb/lib/pool-base.js:322:5)
    at listOnTimeout (internal/timers.js:551:17)
    at processTimers (internal/timers.js:492:7) {
  fatal: false,
  errno: 45028,
  sqlState: 'HY000',
  code: 'ER_GET_CONNECTION_TIMEOUT'
}
2020-06-04 08:42:37.183 MySQL 연결 상태 - 활성: 0 전체: 0 유휴: 0 쿼리 대기열: 0
2020-06-04 08:43:37.184 MySQL 연결 상태 - 활성: 0 전체: 0 유휴: 0 쿼리 대기열: 0
2020-06-04 08:44:37.184 MySQL 연결 상태 - 활성: 0 전체: 0 유휴: 0 쿼리 대기열: 0
2020-06-04 08:45:37.184 MySQL 연결 상태 - 활성: 0 전체: 0 유휴: 0 쿼리 대기열: 0
2020-06-04 08:46:37.184 MySQL 연결 상태 - 활성: 0 전체: 0 유휴: 0 쿼리 대기열: 0
2020-06-04 08:47:37.186 MySQL 연결 상태 - 활성: 0 전체: 0 유휴: 0 쿼리 대기열: 0
2020-06-04 08:48:37.186 MySQL 연결 상태 - 활성: 0 전체: 0 유휴: 0 쿼리 대기열: 0
2020-06-04 08:49:37.186 MySQL 연결 상태 - 활성: 0 전체: 0 유휴: 0 쿼리 대기열: 0
2020-06-04 08:50:37.187 MySQL 연결 상태 - 활성: 0 전체: 0 유휴: 0 쿼리 대기열: 0
2020-06-04 08:51:37.188 MySQL 연결 상태 - 활성: 0 전체: 0 유휴: 0 쿼리 대기열: 0
2020-06-04 08:52:37.188 MySQL 연결 상태 - 활성: 0 전체: 0 유휴: 0 쿼리 대기열: 0
2020-06-04 08:53:37.188 MySQL 연결 상태 - 활성: 0 전체: 0 유휴: 0 쿼리 대기열: 0
2020-06-04 08:54:37.191 MySQL 연결 상태 - 활성: 0 전체: 0 유휴: 0 쿼리 대기열: 0
2020-06-04 08:55:37.191 MySQL 연결 상태 - 활성: 0 전체: 0 유휴: 0 쿼리 대기열: 0
2020-06-04 08:56:37.190 MySQL 연결 상태 - 활성: 0 전체: 0 유휴: 0 쿼리 대기열: 0
2020-06-04 08:57:37.191 MySQL 연결 상태 - 활성: 0 전체: 0 유휴: 0 쿼리 대기열: 0
2020-06-04 08:58:37.196 MySQL 연결 상태 - 활성: 0 전체: 0 유휴: 0 쿼리 대기열: 0
2020-06-04 08:59:37.201 MySQL 연결 상태 - 활성: 0 전체: 0 유휴: 0 쿼리 대기열: 0
2020-06-04 09:00:37.202 MySQL 연결 상태 - 활성: 0 전체: 0 유휴: 0 쿼리 대기열: 0
2020-06-04 09:01:37.206 MySQL 연결 상태 - 활성: 0 전체: 0 유휴: 0 쿼리 대기열: 0
2020-06-04 09:02:37.205 MySQL 연결 상태 - 활성: 0 전체: 0 유휴: 0 쿼리 대기열: 0
2020-06-04 09:03:37.206 MySQL 연결 상태 - 활성: 0 전체: 0 유휴: 0 쿼리 대기열: 0
mongodb open
MQTT connected.
MQTT subscribed.
2020-06-04 09:04:32.089 /login/TEST_SERIAL
2020-06-04 09:04:39.985 /login/TEST_SERIAL
mongodb open
MQTT connected.
MQTT subscribed.
2020-06-04 09:05:23.676 /login/TEST_SERIAL
2020-06-04 09:05:25.506 /login/TEST_SERIAL
mongodb open
MQTT connected.
2020-06-04 09:05:39.927 /login/TEST_SERIAL
MQTT subscribed.
2020-06-04 09:05:41.556 /login/TEST_SERIAL
2020-06-04 09:05:42.821 /login/TEST_SERIAL
2020-06-04 09:05:43.564 /login/TEST_SERIAL
2020-06-04 09:05:44.113 /login/TEST_SERIAL
2020-06-04 09:05:44.270 /login/TEST_SERIAL
2020-06-04 09:05:46.934 /login/TEST_SERIAL
mongodb open
MQTT connected.
MQTT subscribed.
2020-06-04 09:06:09.558 /login/TEST_SERIAL
2020-06-04 09:06:13.372 /login/TEST_SERIAL
2020-06-04 09:06:23.610 /login/test_serial
{
  stb_sn: 'test_serial',
  stb_mac: 'test_mac',
  stb_version: '1.0',
  stb_ip: '172.16.135.15'
}
{
  stb_sn: 'test_serial',
  message: 'login',
  result: 'ok',
  stb_id: 'dummy',
  capture_option: { capture_time: '', capture_size: '', capture_status: '' }
}
asdf
2020-06-04 09:06:24.122 /login/fail/test_serial
ReferenceError: getConnectionDummy is not defined
    at Object.login_fail (/mqtt_function.js:260:9)
    at MqttClient.<anonymous> (/mqtt.js:57:20)
    at MqttClient.emit (events.js:315:20)
    at MqttClient._handlePublish (/node_modules/mqtt/lib/client.js:1269:12)
    at MqttClient._handlePacket (/node_modules/mqtt/lib/client.js:409:12)
    at work (/node_modules/mqtt/lib/client.js:320:12)
    at Writable.writable._write (/node_modules/mqtt/lib/client.js:334:5)
    at doWrite (/node_modules/readable-stream/lib/_stream_writable.js:428:64)
    at writeOrBuffer (/node_modules/readable-stream/lib/_stream_writable.js:417:5)
    at Writable.write (/node_modules/readable-stream/lib/_stream_writable.js:334:11)
    at Socket.ondata (_stream_readable.js:717:22)
    at Socket.emit (events.js:315:20)
    at addChunk (_stream_readable.js:295:12)
    at readableAddChunk (_stream_readable.js:271:9)
    at Socket.Readable.push (_stream_readable.js:212:10)
    at TCP.onStreamRead (internal/stream_base_commons.js:186:23)
2020-06-04 09:06:36.090 /login/TEST_SERIAL
2020-06-04 09:06:44.276 /login/test_serial
{
  stb_sn: 'test_serial',
  stb_mac: 'test_mac',
  stb_version: '1.0',
  stb_ip: '172.16.135.15'
}
{
  stb_sn: 'test_serial',
  message: 'login',
  result: 'ok',
  stb_id: 'dummy',
  capture_option: { capture_time: '', capture_size: '', capture_status: '' }
}
asdf
2020-06-04 09:06:44.340 /login/fail/test_serial
ReferenceError: getConnectionDummy is not defined
    at Object.login_fail (/mqtt_function.js:260:9)
    at MqttClient.<anonymous> (/mqtt.js:57:20)
    at MqttClient.emit (events.js:315:20)
    at MqttClient._handlePublish (/node_modules/mqtt/lib/client.js:1269:12)
    at MqttClient._handlePacket (/node_modules/mqtt/lib/client.js:409:12)
    at work (/node_modules/mqtt/lib/client.js:320:12)
    at Writable.writable._write (/node_modules/mqtt/lib/client.js:334:5)
    at doWrite (/node_modules/readable-stream/lib/_stream_writable.js:428:64)
    at writeOrBuffer (/node_modules/readable-stream/lib/_stream_writable.js:417:5)
    at Writable.write (/node_modules/readable-stream/lib/_stream_writable.js:334:11)
    at Socket.ondata (_stream_readable.js:717:22)
    at Socket.emit (events.js:315:20)
    at addChunk (_stream_readable.js:295:12)
    at readableAddChunk (_stream_readable.js:271:9)
    at Socket.Readable.push (_stream_readable.js:212:10)
    at TCP.onStreamRead (internal/stream_base_commons.js:186:23)
2020-06-04 09:07:06.520 /login/test_serial
{
  stb_sn: 'test_serial',
  stb_mac: 'test_mac',
  stb_version: '1.0',
  stb_ip: '172.16.135.15'
}
{
  stb_sn: 'test_serial',
  message: 'login',
  result: 'ok',
  stb_id: 'dummy',
  capture_option: { capture_time: '', capture_size: '', capture_status: '' }
}
asdf
2020-06-04 09:07:06.555 /login/fail/test_serial
ReferenceError: getConnectionDummy is not defined
    at Object.login_fail (/mqtt_function.js:260:9)
    at MqttClient.<anonymous> (/mqtt.js:57:20)
    at MqttClient.emit (events.js:315:20)
    at MqttClient._handlePublish (/node_modules/mqtt/lib/client.js:1269:12)
    at MqttClient._handlePacket (/node_modules/mqtt/lib/client.js:409:12)
    at work (/node_modules/mqtt/lib/client.js:320:12)
    at Writable.writable._write (/node_modules/mqtt/lib/client.js:334:5)
    at doWrite (/node_modules/readable-stream/lib/_stream_writable.js:428:64)
    at writeOrBuffer (/node_modules/readable-stream/lib/_stream_writable.js:417:5)
    at Writable.write (/node_modules/readable-stream/lib/_stream_writable.js:334:11)
    at Socket.ondata (_stream_readable.js:717:22)
    at Socket.emit (events.js:315:20)
    at addChunk (_stream_readable.js:295:12)
    at readableAddChunk (_stream_readable.js:271:9)
    at Socket.Readable.push (_stream_readable.js:212:10)
    at TCP.onStreamRead (internal/stream_base_commons.js:186:23)
2020-06-04 09:07:46.953 /login/test_serial
{
  stb_sn: 'test_serial',
  stb_mac: 'test_mac',
  stb_version: '1.0',
  stb_ip: '172.16.135.15'
}
{
  stb_sn: 'test_serial',
  message: 'login',
  result: 'ok',
  stb_id: 'dummy',
  capture_option: { capture_time: '', capture_size: '', capture_status: '' }
}
asdf
mongodb open
MQTT connected.
MQTT subscribed.
2020-06-04 09:08:24.839 /login/test_serial
2020-06-04 09:08:28.598 /login/test_serial
2020-06-04 09:24:55.809 /login/test_serial
2020-06-04 09:24:55.869 /login/fail/test_serial
ReferenceError: getConnectionDummy is not defined
    at Object.login_fail (/mqtt_function.js:257:9)
    at MqttClient.<anonymous> (/mqtt.js:57:20)
    at MqttClient.emit (events.js:315:20)
    at MqttClient._handlePublish (/node_modules/mqtt/lib/client.js:1269:12)
    at MqttClient._handlePacket (/node_modules/mqtt/lib/client.js:409:12)
    at work (/node_modules/mqtt/lib/client.js:320:12)
    at Writable.writable._write (/node_modules/mqtt/lib/client.js:334:5)
    at doWrite (/node_modules/readable-stream/lib/_stream_writable.js:428:64)
    at writeOrBuffer (/node_modules/readable-stream/lib/_stream_writable.js:417:5)
    at Writable.write (/node_modules/readable-stream/lib/_stream_writable.js:334:11)
    at Socket.ondata (_stream_readable.js:717:22)
    at Socket.emit (events.js:315:20)
    at addChunk (_stream_readable.js:295:12)
    at readableAddChunk (_stream_readable.js:271:9)
    at Socket.Readable.push (_stream_readable.js:212:10)
    at TCP.onStreamRead (internal/stream_base_commons.js:186:23)
2020-06-04 09:26:50.471 /login/test_serial
2020-06-04 09:26:50.595 /login/fail/test_serial
ReferenceError: getConnectionDummy is not defined
    at Object.login_fail (/mqtt_function.js:257:9)
    at MqttClient.<anonymous> (/mqtt.js:57:20)
    at MqttClient.emit (events.js:315:20)
    at MqttClient._handlePublish (/node_modules/mqtt/lib/client.js:1269:12)
    at MqttClient._handlePacket (/node_modules/mqtt/lib/client.js:409:12)
    at work (/node_modules/mqtt/lib/client.js:320:12)
    at Writable.writable._write (/node_modules/mqtt/lib/client.js:334:5)
    at doWrite (/node_modules/readable-stream/lib/_stream_writable.js:428:64)
    at writeOrBuffer (/node_modules/readable-stream/lib/_stream_writable.js:417:5)
    at Writable.write (/node_modules/readable-stream/lib/_stream_writable.js:334:11)
    at Socket.ondata (_stream_readable.js:717:22)
    at Socket.emit (events.js:315:20)
    at addChunk (_stream_readable.js:295:12)
    at readableAddChunk (_stream_readable.js:271:9)
    at Socket.Readable.push (_stream_readable.js:212:10)
    at TCP.onStreamRead (internal/stream_base_commons.js:186:23)
mongodb open
MQTT connected.
MQTT subscribed.
mongodb open
MQTT connected.
MQTT subscribed.
2020-06-04 09:56:08.447 /login/test_serial
mongodb open
MQTT connected.
MQTT subscribed.
2020-06-05 01:23:38.221 /login/test_serial
2020-06-05 01:23:38.292 /login/fail/test_serial
ReferenceError: getConnectionDummy is not defined
    at Object.login_fail (/mqtt_function.js:258:9)
    at MqttClient.<anonymous> (/mqtt.js:60:20)
    at MqttClient.emit (events.js:315:20)
    at MqttClient._handlePublish (/node_modules/mqtt/lib/client.js:1269:12)
    at MqttClient._handlePacket (/node_modules/mqtt/lib/client.js:409:12)
    at work (/node_modules/mqtt/lib/client.js:320:12)
    at Writable.writable._write (/node_modules/mqtt/lib/client.js:334:5)
    at doWrite (/node_modules/readable-stream/lib/_stream_writable.js:428:64)
    at writeOrBuffer (/node_modules/readable-stream/lib/_stream_writable.js:417:5)
    at Writable.write (/node_modules/readable-stream/lib/_stream_writable.js:334:11)
    at Socket.ondata (_stream_readable.js:717:22)
    at Socket.emit (events.js:315:20)
    at addChunk (_stream_readable.js:295:12)
    at readableAddChunk (_stream_readable.js:271:9)
    at Socket.Readable.push (_stream_readable.js:212:10)
    at TCP.onStreamRead (internal/stream_base_commons.js:186:23)
MQTT connected.
MQTT subscribed.
2020-06-05 05:59:22.669 /login/test_serial
2020-06-05 05:59:22.769 /login/fail/test_serial
ReferenceError: getConnectionDummy is not defined
    at Object.login_fail (/mqtt_function.js:258:9)
    at MqttClient.<anonymous> (/mqtt.js:60:20)
    at MqttClient.emit (events.js:315:20)
    at MqttClient._handlePublish (/node_modules/mqtt/lib/client.js:1269:12)
    at MqttClient._handlePacket (/node_modules/mqtt/lib/client.js:409:12)
    at work (/node_modules/mqtt/lib/client.js:320:12)
    at Writable.writable._write (/node_modules/mqtt/lib/client.js:334:5)
    at doWrite (/node_modules/readable-stream/lib/_stream_writable.js:428:64)
    at writeOrBuffer (/node_modules/readable-stream/lib/_stream_writable.js:417:5)
    at Writable.write (/node_modules/readable-stream/lib/_stream_writable.js:334:11)
    at Socket.ondata (_stream_readable.js:717:22)
    at Socket.emit (events.js:315:20)
    at addChunk (_stream_readable.js:295:12)
    at readableAddChunk (_stream_readable.js:271:9)
    at Socket.Readable.push (_stream_readable.js:212:10)
    at TCP.onStreamRead (internal/stream_base_commons.js:186:23)
2020-06-05 06:02:25.988 /login/test_serial
2020-06-05 06:02:26.057 /login/fail/test_serial
ReferenceError: getConnectionDummy is not defined
    at Object.login_fail (/mqtt_function.js:258:9)
    at MqttClient.<anonymous> (/mqtt.js:60:20)
    at MqttClient.emit (events.js:315:20)
    at MqttClient._handlePublish (/node_modules/mqtt/lib/client.js:1269:12)
    at MqttClient._handlePacket (/node_modules/mqtt/lib/client.js:409:12)
    at work (/node_modules/mqtt/lib/client.js:320:12)
    at Writable.writable._write (/node_modules/mqtt/lib/client.js:334:5)
    at doWrite (/node_modules/readable-stream/lib/_stream_writable.js:428:64)
    at writeOrBuffer (/node_modules/readable-stream/lib/_stream_writable.js:417:5)
    at Writable.write (/node_modules/readable-stream/lib/_stream_writable.js:334:11)
    at Socket.ondata (_stream_readable.js:717:22)
    at Socket.emit (events.js:315:20)
    at addChunk (_stream_readable.js:295:12)
    at readableAddChunk (_stream_readable.js:271:9)
    at Socket.Readable.push (_stream_readable.js:212:10)
    at TCP.onStreamRead (internal/stream_base_commons.js:186:23)
2020-06-05 06:03:18.786 /login/test_serial
2020-06-05 06:03:18.907 /login/fail/test_serial
ReferenceError: getConnectionDummy is not defined
    at Object.login_fail (/mqtt_function.js:258:9)
    at MqttClient.<anonymous> (/mqtt.js:60:20)
    at MqttClient.emit (events.js:315:20)
    at MqttClient._handlePublish (/node_modules/mqtt/lib/client.js:1269:12)
    at MqttClient._handlePacket (/node_modules/mqtt/lib/client.js:409:12)
    at work (/node_modules/mqtt/lib/client.js:320:12)
    at Writable.writable._write (/node_modules/mqtt/lib/client.js:334:5)
    at doWrite (/node_modules/readable-stream/lib/_stream_writable.js:428:64)
    at writeOrBuffer (/node_modules/readable-stream/lib/_stream_writable.js:417:5)
    at Writable.write (/node_modules/readable-stream/lib/_stream_writable.js:334:11)
    at Socket.ondata (_stream_readable.js:717:22)
    at Socket.emit (events.js:315:20)
    at addChunk (_stream_readable.js:295:12)
    at readableAddChunk (_stream_readable.js:271:9)
    at Socket.Readable.push (_stream_readable.js:212:10)
    at TCP.onStreamRead (internal/stream_base_commons.js:186:23)
2020-06-05 06:08:54.739 /login/test_serial
2020-06-05 06:08:54.836 /login/fail/test_serial
ReferenceError: getConnectionDummy is not defined
    at Object.login_fail (/mqtt_function.js:258:9)
    at MqttClient.<anonymous> (/mqtt.js:60:20)
    at MqttClient.emit (events.js:315:20)
    at MqttClient._handlePublish (/node_modules/mqtt/lib/client.js:1269:12)
    at MqttClient._handlePacket (/node_modules/mqtt/lib/client.js:409:12)
    at work (/node_modules/mqtt/lib/client.js:320:12)
    at Writable.writable._write (/node_modules/mqtt/lib/client.js:334:5)
    at doWrite (/node_modules/readable-stream/lib/_stream_writable.js:428:64)
    at writeOrBuffer (/node_modules/readable-stream/lib/_stream_writable.js:417:5)
    at Writable.write (/node_modules/readable-stream/lib/_stream_writable.js:334:11)
    at Socket.ondata (_stream_readable.js:717:22)
    at Socket.emit (events.js:315:20)
    at addChunk (_stream_readable.js:295:12)
    at readableAddChunk (_stream_readable.js:271:9)
    at Socket.Readable.push (_stream_readable.js:212:10)
    at TCP.onStreamRead (internal/stream_base_commons.js:186:23)
2020-06-05 06:09:33.595 /login/test_serial
2020-06-05 06:09:33.723 /login/fail/test_serial
ReferenceError: getConnectionDummy is not defined
    at Object.login_fail (/mqtt_function.js:258:9)
    at MqttClient.<anonymous> (/mqtt.js:60:20)
    at MqttClient.emit (events.js:315:20)
    at MqttClient._handlePublish (/node_modules/mqtt/lib/client.js:1269:12)
    at MqttClient._handlePacket (/node_modules/mqtt/lib/client.js:409:12)
    at work (/node_modules/mqtt/lib/client.js:320:12)
    at Writable.writable._write (/node_modules/mqtt/lib/client.js:334:5)
    at doWrite (/node_modules/readable-stream/lib/_stream_writable.js:428:64)
    at writeOrBuffer (/node_modules/readable-stream/lib/_stream_writable.js:417:5)
    at Writable.write (/node_modules/readable-stream/lib/_stream_writable.js:334:11)
    at Socket.ondata (_stream_readable.js:717:22)
    at Socket.emit (events.js:315:20)
    at addChunk (_stream_readable.js:295:12)
    at readableAddChunk (_stream_readable.js:271:9)
    at Socket.Readable.push (_stream_readable.js:212:10)
    at TCP.onStreamRead (internal/stream_base_commons.js:186:23)
2020-06-05 06:11:10.497 /login/test_serial
2020-06-05 06:11:10.556 /login/fail/test_serial
ReferenceError: getConnectionDummy is not defined
    at Object.login_fail (/mqtt_function.js:258:9)
    at MqttClient.<anonymous> (/mqtt.js:60:20)
    at MqttClient.emit (events.js:315:20)
    at MqttClient._handlePublish (/node_modules/mqtt/lib/client.js:1269:12)
    at MqttClient._handlePacket (/node_modules/mqtt/lib/client.js:409:12)
    at work (/node_modules/mqtt/lib/client.js:320:12)
    at Writable.writable._write (/node_modules/mqtt/lib/client.js:334:5)
    at doWrite (/node_modules/readable-stream/lib/_stream_writable.js:428:64)
    at writeOrBuffer (/node_modules/readable-stream/lib/_stream_writable.js:417:5)
    at Writable.write (/node_modules/readable-stream/lib/_stream_writable.js:334:11)
    at Socket.ondata (_stream_readable.js:717:22)
    at Socket.emit (events.js:315:20)
    at addChunk (_stream_readable.js:295:12)
    at readableAddChunk (_stream_readable.js:271:9)
    at Socket.Readable.push (_stream_readable.js:212:10)
    at TCP.onStreamRead (internal/stream_base_commons.js:186:23)
2020-06-05 06:12:42.682 /login/test_serial
2020-06-05 06:12:42.770 /login/fail/test_serial
ReferenceError: getConnectionDummy is not defined
    at Object.login_fail (/mqtt_function.js:258:9)
    at MqttClient.<anonymous> (/mqtt.js:60:20)
    at MqttClient.emit (events.js:315:20)
    at MqttClient._handlePublish (/node_modules/mqtt/lib/client.js:1269:12)
    at MqttClient._handlePacket (/node_modules/mqtt/lib/client.js:409:12)
    at work (/node_modules/mqtt/lib/client.js:320:12)
    at Writable.writable._write (/node_modules/mqtt/lib/client.js:334:5)
    at doWrite (/node_modules/readable-stream/lib/_stream_writable.js:428:64)
    at writeOrBuffer (/node_modules/readable-stream/lib/_stream_writable.js:417:5)
    at Writable.write (/node_modules/readable-stream/lib/_stream_writable.js:334:11)
    at Socket.ondata (_stream_readable.js:717:22)
    at Socket.emit (events.js:315:20)
    at addChunk (_stream_readable.js:295:12)
    at readableAddChunk (_stream_readable.js:271:9)
    at Socket.Readable.push (_stream_readable.js:212:10)
    at TCP.onStreamRead (internal/stream_base_commons.js:186:23)
2020-06-05 06:15:30.829 /login/test_serial
2020-06-05 06:15:30.921 /login/fail/test_serial
ReferenceError: getConnectionDummy is not defined
    at Object.login_fail (/mqtt_function.js:258:9)
    at MqttClient.<anonymous> (/mqtt.js:60:20)
    at MqttClient.emit (events.js:315:20)
    at MqttClient._handlePublish (/node_modules/mqtt/lib/client.js:1269:12)
    at MqttClient._handlePacket (/node_modules/mqtt/lib/client.js:409:12)
    at work (/node_modules/mqtt/lib/client.js:320:12)
    at Writable.writable._write (/node_modules/mqtt/lib/client.js:334:5)
    at doWrite (/node_modules/readable-stream/lib/_stream_writable.js:428:64)
    at writeOrBuffer (/node_modules/readable-stream/lib/_stream_writable.js:417:5)
    at Writable.write (/node_modules/readable-stream/lib/_stream_writable.js:334:11)
    at Socket.ondata (_stream_readable.js:717:22)
    at Socket.emit (events.js:315:20)
    at addChunk (_stream_readable.js:295:12)
    at readableAddChunk (_stream_readable.js:271:9)
    at Socket.Readable.push (_stream_readable.js:212:10)
    at TCP.onStreamRead (internal/stream_base_commons.js:186:23)
2020-06-05 06:15:49.219 /login/test_serial
2020-06-05 06:15:49.296 /login/fail/test_serial
ReferenceError: getConnectionDummy is not defined
    at Object.login_fail (/mqtt_function.js:258:9)
    at MqttClient.<anonymous> (/mqtt.js:60:20)
    at MqttClient.emit (events.js:315:20)
    at MqttClient._handlePublish (/node_modules/mqtt/lib/client.js:1269:12)
    at MqttClient._handlePacket (/node_modules/mqtt/lib/client.js:409:12)
    at work (/node_modules/mqtt/lib/client.js:320:12)
    at Writable.writable._write (/node_modules/mqtt/lib/client.js:334:5)
    at doWrite (/node_modules/readable-stream/lib/_stream_writable.js:428:64)
    at writeOrBuffer (/node_modules/readable-stream/lib/_stream_writable.js:417:5)
    at Writable.write (/node_modules/readable-stream/lib/_stream_writable.js:334:11)
    at Socket.ondata (_stream_readable.js:717:22)
    at Socket.emit (events.js:315:20)
    at addChunk (_stream_readable.js:295:12)
    at readableAddChunk (_stream_readable.js:271:9)
    at Socket.Readable.push (_stream_readable.js:212:10)
    at TCP.onStreamRead (internal/stream_base_commons.js:186:23)
2020-06-05 06:17:56.375 /login/test_serial
2020-06-05 06:17:56.463 /login/fail/test_serial
ReferenceError: getConnectionDummy is not defined
    at Object.login_fail (/mqtt_function.js:258:9)
    at MqttClient.<anonymous> (/mqtt.js:60:20)
    at MqttClient.emit (events.js:315:20)
    at MqttClient._handlePublish (/node_modules/mqtt/lib/client.js:1269:12)
    at MqttClient._handlePacket (/node_modules/mqtt/lib/client.js:409:12)
    at work (/node_modules/mqtt/lib/client.js:320:12)
    at Writable.writable._write (/node_modules/mqtt/lib/client.js:334:5)
    at doWrite (/node_modules/readable-stream/lib/_stream_writable.js:428:64)
    at writeOrBuffer (/node_modules/readable-stream/lib/_stream_writable.js:417:5)
    at Writable.write (/node_modules/readable-stream/lib/_stream_writable.js:334:11)
    at Socket.ondata (_stream_readable.js:717:22)
    at Socket.emit (events.js:315:20)
    at addChunk (_stream_readable.js:295:12)
    at readableAddChunk (_stream_readable.js:271:9)
    at Socket.Readable.push (_stream_readable.js:212:10)
    at TCP.onStreamRead (internal/stream_base_commons.js:186:23)
2020-06-05 06:18:40.118 /login/test_serial
2020-06-05 06:18:40.271 /login/fail/test_serial
ReferenceError: getConnectionDummy is not defined
    at Object.login_fail (/mqtt_function.js:258:9)
    at MqttClient.<anonymous> (/mqtt.js:60:20)
    at MqttClient.emit (events.js:315:20)
    at MqttClient._handlePublish (/node_modules/mqtt/lib/client.js:1269:12)
    at MqttClient._handlePacket (/node_modules/mqtt/lib/client.js:409:12)
    at work (/node_modules/mqtt/lib/client.js:320:12)
    at Writable.writable._write (/node_modules/mqtt/lib/client.js:334:5)
    at doWrite (/node_modules/readable-stream/lib/_stream_writable.js:428:64)
    at writeOrBuffer (/node_modules/readable-stream/lib/_stream_writable.js:417:5)
    at Writable.write (/node_modules/readable-stream/lib/_stream_writable.js:334:11)
    at Socket.ondata (_stream_readable.js:717:22)
    at Socket.emit (events.js:315:20)
    at addChunk (_stream_readable.js:295:12)
    at readableAddChunk (_stream_readable.js:271:9)
    at Socket.Readable.push (_stream_readable.js:212:10)
    at TCP.onStreamRead (internal/stream_base_commons.js:186:23)
2020-06-05 06:18:55.764 /login/test_serial
2020-06-05 06:18:55.838 /login/fail/test_serial
ReferenceError: getConnectionDummy is not defined
    at Object.login_fail (/mqtt_function.js:258:9)
    at MqttClient.<anonymous> (/mqtt.js:60:20)
    at MqttClient.emit (events.js:315:20)
    at MqttClient._handlePublish (/node_modules/mqtt/lib/client.js:1269:12)
    at MqttClient._handlePacket (/node_modules/mqtt/lib/client.js:409:12)
    at work (/node_modules/mqtt/lib/client.js:320:12)
    at Writable.writable._write (/node_modules/mqtt/lib/client.js:334:5)
    at doWrite (/node_modules/readable-stream/lib/_stream_writable.js:428:64)
    at writeOrBuffer (/node_modules/readable-stream/lib/_stream_writable.js:417:5)
    at Writable.write (/node_modules/readable-stream/lib/_stream_writable.js:334:11)
    at Socket.ondata (_stream_readable.js:717:22)
    at Socket.emit (events.js:315:20)
    at addChunk (_stream_readable.js:295:12)
    at readableAddChunk (_stream_readable.js:271:9)
    at Socket.Readable.push (_stream_readable.js:212:10)
    at TCP.onStreamRead (internal/stream_base_commons.js:186:23)
2020-06-05 06:20:27.001 /login/test_serial
2020-06-05 06:20:27.134 /login/fail/test_serial
ReferenceError: getConnectionDummy is not defined
    at Object.login_fail (/mqtt_function.js:258:9)
    at MqttClient.<anonymous> (/mqtt.js:60:20)
    at MqttClient.emit (events.js:315:20)
    at MqttClient._handlePublish (/node_modules/mqtt/lib/client.js:1269:12)
    at MqttClient._handlePacket (/node_modules/mqtt/lib/client.js:409:12)
    at work (/node_modules/mqtt/lib/client.js:320:12)
    at Writable.writable._write (/node_modules/mqtt/lib/client.js:334:5)
    at doWrite (/node_modules/readable-stream/lib/_stream_writable.js:428:64)
    at writeOrBuffer (/node_modules/readable-stream/lib/_stream_writable.js:417:5)
    at Writable.write (/node_modules/readable-stream/lib/_stream_writable.js:334:11)
    at Socket.ondata (_stream_readable.js:717:22)
    at Socket.emit (events.js:315:20)
    at addChunk (_stream_readable.js:295:12)
    at readableAddChunk (_stream_readable.js:271:9)
    at Socket.Readable.push (_stream_readable.js:212:10)
    at TCP.onStreamRead (internal/stream_base_commons.js:186:23)
2020-06-05 06:21:18.285 /login/test_serial
2020-06-05 06:21:18.385 /login/fail/test_serial
ReferenceError: getConnectionDummy is not defined
    at Object.login_fail (/mqtt_function.js:258:9)
    at MqttClient.<anonymous> (/mqtt.js:60:20)
    at MqttClient.emit (events.js:315:20)
    at MqttClient._handlePublish (/node_modules/mqtt/lib/client.js:1269:12)
    at MqttClient._handlePacket (/node_modules/mqtt/lib/client.js:409:12)
    at work (/node_modules/mqtt/lib/client.js:320:12)
    at Writable.writable._write (/node_modules/mqtt/lib/client.js:334:5)
    at doWrite (/node_modules/readable-stream/lib/_stream_writable.js:428:64)
    at writeOrBuffer (/node_modules/readable-stream/lib/_stream_writable.js:417:5)
    at Writable.write (/node_modules/readable-stream/lib/_stream_writable.js:334:11)
    at Socket.ondata (_stream_readable.js:717:22)
    at Socket.emit (events.js:315:20)
    at addChunk (_stream_readable.js:295:12)
    at readableAddChunk (_stream_readable.js:271:9)
    at Socket.Readable.push (_stream_readable.js:212:10)
    at TCP.onStreamRead (internal/stream_base_commons.js:186:23)
2020-06-05 06:21:46.929 /login/test_serial
2020-06-05 06:21:47.005 /login/fail/test_serial
ReferenceError: getConnectionDummy is not defined
    at Object.login_fail (/mqtt_function.js:258:9)
    at MqttClient.<anonymous> (/mqtt.js:60:20)
    at MqttClient.emit (events.js:315:20)
    at MqttClient._handlePublish (/node_modules/mqtt/lib/client.js:1269:12)
    at MqttClient._handlePacket (/node_modules/mqtt/lib/client.js:409:12)
    at work (/node_modules/mqtt/lib/client.js:320:12)
    at Writable.writable._write (/node_modules/mqtt/lib/client.js:334:5)
    at doWrite (/node_modules/readable-stream/lib/_stream_writable.js:428:64)
    at writeOrBuffer (/node_modules/readable-stream/lib/_stream_writable.js:417:5)
    at Writable.write (/node_modules/readable-stream/lib/_stream_writable.js:334:11)
    at Socket.ondata (_stream_readable.js:717:22)
    at Socket.emit (events.js:315:20)
    at addChunk (_stream_readable.js:295:12)
    at readableAddChunk (_stream_readable.js:271:9)
    at Socket.Readable.push (_stream_readable.js:212:10)
    at TCP.onStreamRead (internal/stream_base_commons.js:186:23)
2020-06-05 06:22:06.877 /login/test_serial
2020-06-05 06:22:07.004 /login/fail/test_serial
ReferenceError: getConnectionDummy is not defined
    at Object.login_fail (/mqtt_function.js:258:9)
    at MqttClient.<anonymous> (/mqtt.js:60:20)
    at MqttClient.emit (events.js:315:20)
    at MqttClient._handlePublish (/node_modules/mqtt/lib/client.js:1269:12)
    at MqttClient._handlePacket (/node_modules/mqtt/lib/client.js:409:12)
    at work (/node_modules/mqtt/lib/client.js:320:12)
    at Writable.writable._write (/node_modules/mqtt/lib/client.js:334:5)
    at doWrite (/node_modules/readable-stream/lib/_stream_writable.js:428:64)
    at writeOrBuffer (/node_modules/readable-stream/lib/_stream_writable.js:417:5)
    at Writable.write (/node_modules/readable-stream/lib/_stream_writable.js:334:11)
    at Socket.ondata (_stream_readable.js:717:22)
    at Socket.emit (events.js:315:20)
    at addChunk (_stream_readable.js:295:12)
    at readableAddChunk (_stream_readable.js:271:9)
    at Socket.Readable.push (_stream_readable.js:212:10)
    at TCP.onStreamRead (internal/stream_base_commons.js:186:23)
2020-06-05 06:24:33.809 /login/test_serial
2020-06-05 06:24:33.896 /login/fail/test_serial
ReferenceError: getConnectionDummy is not defined
    at Object.login_fail (/mqtt_function.js:258:9)
    at MqttClient.<anonymous> (/mqtt.js:60:20)
    at MqttClient.emit (events.js:315:20)
    at MqttClient._handlePublish (/node_modules/mqtt/lib/client.js:1269:12)
    at MqttClient._handlePacket (/node_modules/mqtt/lib/client.js:409:12)
    at work (/node_modules/mqtt/lib/client.js:320:12)
    at Writable.writable._write (/node_modules/mqtt/lib/client.js:334:5)
    at doWrite (/node_modules/readable-stream/lib/_stream_writable.js:428:64)
    at writeOrBuffer (/node_modules/readable-stream/lib/_stream_writable.js:417:5)
    at Writable.write (/node_modules/readable-stream/lib/_stream_writable.js:334:11)
    at Socket.ondata (_stream_readable.js:717:22)
    at Socket.emit (events.js:315:20)
    at addChunk (_stream_readable.js:295:12)
    at readableAddChunk (_stream_readable.js:271:9)
    at Socket.Readable.push (_stream_readable.js:212:10)
    at TCP.onStreamRead (internal/stream_base_commons.js:186:23)
2020-06-05 06:26:20.649 /login/test_serial
2020-06-05 06:26:20.698 /login/fail/test_serial
ReferenceError: getConnectionDummy is not defined
    at Object.login_fail (/mqtt_function.js:258:9)
    at MqttClient.<anonymous> (/mqtt.js:60:20)
    at MqttClient.emit (events.js:315:20)
    at MqttClient._handlePublish (/node_modules/mqtt/lib/client.js:1269:12)
    at MqttClient._handlePacket (/node_modules/mqtt/lib/client.js:409:12)
    at work (/node_modules/mqtt/lib/client.js:320:12)
    at Writable.writable._write (/node_modules/mqtt/lib/client.js:334:5)
    at doWrite (/node_modules/readable-stream/lib/_stream_writable.js:428:64)
    at writeOrBuffer (/node_modules/readable-stream/lib/_stream_writable.js:417:5)
    at Writable.write (/node_modules/readable-stream/lib/_stream_writable.js:334:11)
    at Socket.ondata (_stream_readable.js:717:22)
    at Socket.emit (events.js:315:20)
    at addChunk (_stream_readable.js:295:12)
    at readableAddChunk (_stream_readable.js:271:9)
    at Socket.Readable.push (_stream_readable.js:212:10)
    at TCP.onStreamRead (internal/stream_base_commons.js:186:23)
2020-06-05 06:30:44.024 /login/test_serial
2020-06-05 06:30:44.111 /login/fail/test_serial
ReferenceError: getConnectionDummy is not defined
    at Object.login_fail (/mqtt_function.js:258:9)
    at MqttClient.<anonymous> (/mqtt.js:60:20)
    at MqttClient.emit (events.js:315:20)
    at MqttClient._handlePublish (/node_modules/mqtt/lib/client.js:1269:12)
    at MqttClient._handlePacket (/node_modules/mqtt/lib/client.js:409:12)
    at work (/node_modules/mqtt/lib/client.js:320:12)
    at Writable.writable._write (/node_modules/mqtt/lib/client.js:334:5)
    at doWrite (/node_modules/readable-stream/lib/_stream_writable.js:428:64)
    at writeOrBuffer (/node_modules/readable-stream/lib/_stream_writable.js:417:5)
    at Writable.write (/node_modules/readable-stream/lib/_stream_writable.js:334:11)
    at Socket.ondata (_stream_readable.js:717:22)
    at Socket.emit (events.js:315:20)
    at addChunk (_stream_readable.js:295:12)
    at readableAddChunk (_stream_readable.js:271:9)
    at Socket.Readable.push (_stream_readable.js:212:10)
    at TCP.onStreamRead (internal/stream_base_commons.js:186:23)
2020-06-05 06:31:21.900 /login/test_serial
2020-06-05 06:31:22.005 /login/fail/test_serial
ReferenceError: getConnectionDummy is not defined
    at Object.login_fail (/mqtt_function.js:258:9)
    at MqttClient.<anonymous> (/mqtt.js:60:20)
    at MqttClient.emit (events.js:315:20)
    at MqttClient._handlePublish (/node_modules/mqtt/lib/client.js:1269:12)
    at MqttClient._handlePacket (/node_modules/mqtt/lib/client.js:409:12)
    at work (/node_modules/mqtt/lib/client.js:320:12)
    at Writable.writable._write (/node_modules/mqtt/lib/client.js:334:5)
    at doWrite (/node_modules/readable-stream/lib/_stream_writable.js:428:64)
    at writeOrBuffer (/node_modules/readable-stream/lib/_stream_writable.js:417:5)
    at Writable.write (/node_modules/readable-stream/lib/_stream_writable.js:334:11)
    at Socket.ondata (_stream_readable.js:717:22)
    at Socket.emit (events.js:315:20)
    at addChunk (_stream_readable.js:295:12)
    at readableAddChunk (_stream_readable.js:271:9)
    at Socket.Readable.push (_stream_readable.js:212:10)
    at TCP.onStreamRead (internal/stream_base_commons.js:186:23)
2020-06-05 06:38:07.499 /login/test_serial
2020-06-05 06:38:07.555 /login/fail/test_serial
ReferenceError: getConnectionDummy is not defined
    at Object.login_fail (/mqtt_function.js:258:9)
    at MqttClient.<anonymous> (/mqtt.js:60:20)
    at MqttClient.emit (events.js:315:20)
    at MqttClient._handlePublish (/node_modules/mqtt/lib/client.js:1269:12)
    at MqttClient._handlePacket (/node_modules/mqtt/lib/client.js:409:12)
    at work (/node_modules/mqtt/lib/client.js:320:12)
    at Writable.writable._write (/node_modules/mqtt/lib/client.js:334:5)
    at doWrite (/node_modules/readable-stream/lib/_stream_writable.js:428:64)
    at writeOrBuffer (/node_modules/readable-stream/lib/_stream_writable.js:417:5)
    at Writable.write (/node_modules/readable-stream/lib/_stream_writable.js:334:11)
    at Socket.ondata (_stream_readable.js:717:22)
    at Socket.emit (events.js:315:20)
    at addChunk (_stream_readable.js:295:12)
    at readableAddChunk (_stream_readable.js:271:9)
    at Socket.Readable.push (_stream_readable.js:212:10)
    at TCP.onStreamRead (internal/stream_base_commons.js:186:23)
2020-06-05 06:39:14.152 /login/test_serial
2020-06-05 06:39:14.194 /login/fail/test_serial
ReferenceError: getConnectionDummy is not defined
    at Object.login_fail (/mqtt_function.js:258:9)
    at MqttClient.<anonymous> (/mqtt.js:60:20)
    at MqttClient.emit (events.js:315:20)
    at MqttClient._handlePublish (/node_modules/mqtt/lib/client.js:1269:12)
    at MqttClient._handlePacket (/node_modules/mqtt/lib/client.js:409:12)
    at work (/node_modules/mqtt/lib/client.js:320:12)
    at Writable.writable._write (/node_modules/mqtt/lib/client.js:334:5)
    at doWrite (/node_modules/readable-stream/lib/_stream_writable.js:428:64)
    at writeOrBuffer (/node_modules/readable-stream/lib/_stream_writable.js:417:5)
    at Writable.write (/node_modules/readable-stream/lib/_stream_writable.js:334:11)
    at Socket.ondata (_stream_readable.js:717:22)
    at Socket.emit (events.js:315:20)
    at addChunk (_stream_readable.js:295:12)
    at readableAddChunk (_stream_readable.js:271:9)
    at Socket.Readable.push (_stream_readable.js:212:10)
    at TCP.onStreamRead (internal/stream_base_commons.js:186:23)
2020-06-05 06:41:19.916 /login/test_serial
2020-06-05 06:41:19.962 /login/fail/test_serial
ReferenceError: getConnectionDummy is not defined
    at Object.login_fail (/mqtt_function.js:258:9)
    at MqttClient.<anonymous> (/mqtt.js:60:20)
    at MqttClient.emit (events.js:315:20)
    at MqttClient._handlePublish (/node_modules/mqtt/lib/client.js:1269:12)
    at MqttClient._handlePacket (/node_modules/mqtt/lib/client.js:409:12)
    at work (/node_modules/mqtt/lib/client.js:320:12)
    at Writable.writable._write (/node_modules/mqtt/lib/client.js:334:5)
    at doWrite (/node_modules/readable-stream/lib/_stream_writable.js:428:64)
    at writeOrBuffer (/node_modules/readable-stream/lib/_stream_writable.js:417:5)
    at Writable.write (/node_modules/readable-stream/lib/_stream_writable.js:334:11)
    at Socket.ondata (_stream_readable.js:717:22)
    at Socket.emit (events.js:315:20)
    at addChunk (_stream_readable.js:295:12)
    at readableAddChunk (_stream_readable.js:271:9)
    at Socket.Readable.push (_stream_readable.js:212:10)
    at TCP.onStreamRead (internal/stream_base_commons.js:186:23)
2020-06-05 06:41:39.733 /login/test_serial
2020-06-05 06:41:39.792 /login/fail/test_serial
ReferenceError: getConnectionDummy is not defined
    at Object.login_fail (/mqtt_function.js:258:9)
    at MqttClient.<anonymous> (/mqtt.js:60:20)
    at MqttClient.emit (events.js:315:20)
    at MqttClient._handlePublish (/node_modules/mqtt/lib/client.js:1269:12)
    at MqttClient._handlePacket (/node_modules/mqtt/lib/client.js:409:12)
    at work (/node_modules/mqtt/lib/client.js:320:12)
    at Writable.writable._write (/node_modules/mqtt/lib/client.js:334:5)
    at doWrite (/node_modules/readable-stream/lib/_stream_writable.js:428:64)
    at writeOrBuffer (/node_modules/readable-stream/lib/_stream_writable.js:417:5)
    at Writable.write (/node_modules/readable-stream/lib/_stream_writable.js:334:11)
    at Socket.ondata (_stream_readable.js:717:22)
    at Socket.emit (events.js:315:20)
    at addChunk (_stream_readable.js:295:12)
    at readableAddChunk (_stream_readable.js:271:9)
    at Socket.Readable.push (_stream_readable.js:212:10)
    at TCP.onStreamRead (internal/stream_base_commons.js:186:23)
2020-06-05 06:42:27.467 /login/test_serial
2020-06-05 06:42:27.589 /login/fail/test_serial
ReferenceError: getConnectionDummy is not defined
    at Object.login_fail (/mqtt_function.js:258:9)
    at MqttClient.<anonymous> (/mqtt.js:60:20)
    at MqttClient.emit (events.js:315:20)
    at MqttClient._handlePublish (/node_modules/mqtt/lib/client.js:1269:12)
    at MqttClient._handlePacket (/node_modules/mqtt/lib/client.js:409:12)
    at work (/node_modules/mqtt/lib/client.js:320:12)
    at Writable.writable._write (/node_modules/mqtt/lib/client.js:334:5)
    at doWrite (/node_modules/readable-stream/lib/_stream_writable.js:428:64)
    at writeOrBuffer (/node_modules/readable-stream/lib/_stream_writable.js:417:5)
    at Writable.write (/node_modules/readable-stream/lib/_stream_writable.js:334:11)
    at Socket.ondata (_stream_readable.js:717:22)
    at Socket.emit (events.js:315:20)
    at addChunk (_stream_readable.js:295:12)
    at readableAddChunk (_stream_readable.js:271:9)
    at Socket.Readable.push (_stream_readable.js:212:10)
    at TCP.onStreamRead (internal/stream_base_commons.js:186:23)
2020-06-05 06:45:33.357 /login/test_serial
2020-06-05 06:45:33.416 /login/fail/test_serial
ReferenceError: getConnectionDummy is not defined
    at Object.login_fail (/mqtt_function.js:258:9)
    at MqttClient.<anonymous> (/mqtt.js:60:20)
    at MqttClient.emit (events.js:315:20)
    at MqttClient._handlePublish (/node_modules/mqtt/lib/client.js:1269:12)
    at MqttClient._handlePacket (/node_modules/mqtt/lib/client.js:409:12)
    at work (/node_modules/mqtt/lib/client.js:320:12)
    at Writable.writable._write (/node_modules/mqtt/lib/client.js:334:5)
    at doWrite (/node_modules/readable-stream/lib/_stream_writable.js:428:64)
    at writeOrBuffer (/node_modules/readable-stream/lib/_stream_writable.js:417:5)
    at Writable.write (/node_modules/readable-stream/lib/_stream_writable.js:334:11)
    at Socket.ondata (_stream_readable.js:717:22)
    at Socket.emit (events.js:315:20)
    at addChunk (_stream_readable.js:295:12)
    at readableAddChunk (_stream_readable.js:271:9)
    at Socket.Readable.push (_stream_readable.js:212:10)
    at TCP.onStreamRead (internal/stream_base_commons.js:186:23)
2020-06-05 07:01:13.097 /login/test_serial
2020-06-05 07:01:13.206 /login/fail/test_serial
ReferenceError: getConnectionDummy is not defined
    at Object.login_fail (/mqtt_function.js:258:9)
    at MqttClient.<anonymous> (/mqtt.js:60:20)
    at MqttClient.emit (events.js:315:20)
    at MqttClient._handlePublish (/node_modules/mqtt/lib/client.js:1269:12)
    at MqttClient._handlePacket (/node_modules/mqtt/lib/client.js:409:12)
    at work (/node_modules/mqtt/lib/client.js:320:12)
    at Writable.writable._write (/node_modules/mqtt/lib/client.js:334:5)
    at doWrite (/node_modules/readable-stream/lib/_stream_writable.js:428:64)
    at writeOrBuffer (/node_modules/readable-stream/lib/_stream_writable.js:417:5)
    at Writable.write (/node_modules/readable-stream/lib/_stream_writable.js:334:11)
    at Socket.ondata (_stream_readable.js:717:22)
    at Socket.emit (events.js:315:20)
    at addChunk (_stream_readable.js:295:12)
    at readableAddChunk (_stream_readable.js:271:9)
    at Socket.Readable.push (_stream_readable.js:212:10)
    at TCP.onStreamRead (internal/stream_base_commons.js:186:23)
